<?xml version="1.0" encoding="UTF-8"?>
<!-- Generated by org.testng.reporters.JUnitReportReporter -->
<testsuite hostname="DESKTOP-QFMEF9J" failures="0" tests="6" name="trello_assessment.com.testScript.AllTrelloTest" time="478.107" errors="0" timestamp="22 Sep 2021 06:27:15 GMT" skipped="0">
  <testcase classname="trello_assessment.com.testScript.AllTrelloTest" name="LoginTest" time="77.045"/>
  <testcase classname="trello_assessment.com.testScript.AllTrelloTest" name="LoginTest" time="76.006"/>
  <testcase classname="trello_assessment.com.testScript.AllTrelloTest" name="LoginTest" time="82.319"/>
  <testcase classname="trello_assessment.com.testScript.AllTrelloTest" name="LoginTest" time="90.952"/>
  <testcase classname="trello_assessment.com.testScript.AllTrelloTest" name="LoginTest" time="74.168"/>
  <testcase classname="trello_assessment.com.testScript.AllTrelloTest" name="LoginTest" time="77.617"/>
</testsuite> <!-- trello_assessment.com.testScript.AllTrelloTest -->
