<?xml version="1.0" encoding="UTF-8"?>
<!-- Generated by org.testng.reporters.JUnitReportReporter -->
<testsuite hostname="DESKTOP-QFMEF9J" failures="0" tests="6" name="trello_assessment.com.testScript.AllTrelloTest" time="434.854" errors="0" timestamp="21 Sep 2021 12:19:14 GMT" skipped="0">
  <testcase classname="trello_assessment.com.testScript.AllTrelloTest" name="LoginTest" time="79.001"/>
  <testcase classname="trello_assessment.com.testScript.AllTrelloTest" name="LoginTest" time="72.422"/>
  <testcase classname="trello_assessment.com.testScript.AllTrelloTest" name="LoginTest" time="73.231"/>
  <testcase classname="trello_assessment.com.testScript.AllTrelloTest" name="LoginTest" time="75.452"/>
  <testcase classname="trello_assessment.com.testScript.AllTrelloTest" name="LoginTest" time="67.083"/>
  <testcase classname="trello_assessment.com.testScript.AllTrelloTest" name="LoginTest" time="67.665"/>
</testsuite> <!-- trello_assessment.com.testScript.AllTrelloTest -->
