<?xml version="1.0" encoding="UTF-8"?>
<!-- Generated by org.testng.reporters.JUnitReportReporter -->
<testsuite hostname="DESKTOP-QFMEF9J" failures="0" tests="6" name="trello_assessment.com.testScript.AllTrelloTest" time="398.696" errors="0" timestamp="22 Sep 2021 11:51:29 GMT" skipped="0">
  <testcase classname="trello_assessment.com.testScript.AllTrelloTest" name="LoginTest" time="70.827"/>
  <testcase classname="trello_assessment.com.testScript.AllTrelloTest" name="LoginTest" time="62.716"/>
  <testcase classname="trello_assessment.com.testScript.AllTrelloTest" name="LoginTest" time="70.132"/>
  <testcase classname="trello_assessment.com.testScript.AllTrelloTest" name="LoginTest" time="70.155"/>
  <testcase classname="trello_assessment.com.testScript.AllTrelloTest" name="LoginTest" time="61.451"/>
  <testcase classname="trello_assessment.com.testScript.AllTrelloTest" name="LoginTest" time="63.415"/>
</testsuite> <!-- trello_assessment.com.testScript.AllTrelloTest -->
