<?xml version="1.0" encoding="UTF-8"?>
<!-- Generated by org.testng.reporters.JUnitReportReporter -->
<testsuite hostname="DESKTOP-QFMEF9J" failures="0" tests="1" name="trello_assessment.com.testScript.AllTrelloTest" time="42.610" errors="0" timestamp="2021-09-17T14:14:59 IST" skipped="0">
  <testcase classname="trello_assessment.com.testScript.AllTrelloTest" name="LoginTest" time="42.610"/>
  <system-out/>
</testsuite> <!-- trello_assessment.com.testScript.AllTrelloTest -->
